Symbol range map extraction starting
Processing 178 files
startProcessing "mod\mcreator\ClientProxynebulus.java" md5: 77c75a780990c82e9c6a8dae82af3c2d
Cache Hit!
endProcessing "mod\mcreator\ClientProxynebulus.java"

startProcessing "mod\mcreator\CommonProxynebulus.java" md5: a798899abd0a4762a68278aaaa5e4d92
Cache Hit!
endProcessing "mod\mcreator\CommonProxynebulus.java"

startProcessing "mod\mcreator\mcreator_VarListnebulus.java" md5: 559508130ed759703571c537b51f621f
Cache Hit!
endProcessing "mod\mcreator\mcreator_VarListnebulus.java"

startProcessing "mod\mcreator\mcreator_aCTGUI.java" md5: 3871dfdb21919278290329c3123a5046
Cache Hit!
endProcessing "mod\mcreator\mcreator_aCTGUI.java"

startProcessing "mod\mcreator\mcreator_aCTGUIOnButtonClicked.java" md5: c4fb1b4038e2242c0c96fb2d09ec3f3f
Cache Hit!
endProcessing "mod\mcreator\mcreator_aCTGUIOnButtonClicked.java"

startProcessing "mod\mcreator\mcreator_aTGUI.java" md5: ef3c9f92be0855b6bbe87fd1e51f6e62
Cache Hit!
endProcessing "mod\mcreator\mcreator_aTGUI.java"

startProcessing "mod\mcreator\mcreator_altar.java" md5: 9a0b20062994756796d4c798073cf274
Cache Hit!
endProcessing "mod\mcreator\mcreator_altar.java"

startProcessing "mod\mcreator\mcreator_altarOnBlockRightclicked.java" md5: a5c429e79ce96c7c55e698e9de054d76
Cache Hit!
endProcessing "mod\mcreator\mcreator_altarOnBlockRightclicked.java"

startProcessing "mod\mcreator\mcreator_aquaticTable.java" md5: f8d33fd2e1bba15178363827cd7df5ab
Cache Hit!
endProcessing "mod\mcreator\mcreator_aquaticTable.java"

startProcessing "mod\mcreator\mcreator_aquaticTableOnBlockRightclicked.java" md5: b6c69e00ce723c01ff465c2852000848
Cache Hit!
endProcessing "mod\mcreator\mcreator_aquaticTableOnBlockRightclicked.java"

startProcessing "mod\mcreator\mcreator_astronaut.java" md5: 718f2787fcd95743a3d9f1f919ea9986
Cache Hit!
endProcessing "mod\mcreator\mcreator_astronaut.java"

startProcessing "mod\mcreator\mcreator_celestialAltar.java" md5: 1aa5ab16096325967675e3e96e5f3b6e
Cache Hit!
endProcessing "mod\mcreator\mcreator_celestialAltar.java"

startProcessing "mod\mcreator\mcreator_celestialgrass.java" md5: d8f9bb488909cb2364da9c6e85f341f7
Cache Hit!
endProcessing "mod\mcreator\mcreator_celestialgrass.java"

startProcessing "mod\mcreator\mcreator_celestialore.java" md5: 9d31d58b630155a70e67f547a6418e3d
Cache Hit!
endProcessing "mod\mcreator\mcreator_celestialore.java"

startProcessing "mod\mcreator\mcreator_celestialrock.java" md5: b30e32b7b30a014698ef682793150a70
Cache Hit!
endProcessing "mod\mcreator\mcreator_celestialrock.java"

startProcessing "mod\mcreator\mcreator_chair.java" md5: 72e0200b344aa20d00ae75e23dee899e
Cache Hit!
endProcessing "mod\mcreator\mcreator_chair.java"

startProcessing "mod\mcreator\mcreator_cheripiteOre.java" md5: 9616bfd420832356c17651e2b14af2fe
Cache Hit!
endProcessing "mod\mcreator\mcreator_cheripiteOre.java"

startProcessing "mod\mcreator\mcreator_choleraStone.java" md5: d936417102dcc5b56c50329fc9c91003
Cache Hit!
endProcessing "mod\mcreator\mcreator_choleraStone.java"

startProcessing "mod\mcreator\mcreator_choleratis.java" md5: 2d1bfff3a0f4b70cb5fb865ba9eadd5d
Cache Hit!
endProcessing "mod\mcreator\mcreator_choleratis.java"

startProcessing "mod\mcreator\mcreator_choleratisIV.java" md5: 5c8d19f55cfcb8b305738cc1b5ed96e6
Cache Hit!
endProcessing "mod\mcreator\mcreator_choleratisIV.java"

startProcessing "mod\mcreator\mcreator_cinderKey.java" md5: 7b8ad7a147214254dfdda9227f50d7e8
Cache Hit!
endProcessing "mod\mcreator\mcreator_cinderKey.java"

startProcessing "mod\mcreator\mcreator_daemonicAltar.java" md5: cc704c362773bb0d55ab4d596cb82891
Cache Hit!
endProcessing "mod\mcreator\mcreator_daemonicAltar.java"

startProcessing "mod\mcreator\mcreator_decrystallizedApple.java" md5: d1a654e64e03b7d00257520ad3320577
Cache Hit!
endProcessing "mod\mcreator\mcreator_decrystallizedApple.java"

startProcessing "mod\mcreator\mcreator_disappearinggeye.java" md5: acd7d137f80201a2607a9fcde5d6804c
Cache Hit!
endProcessing "mod\mcreator\mcreator_disappearinggeye.java"

startProcessing "mod\mcreator\mcreator_dullNebulizedDirt.java" md5: a1c98ac18eb10347f4ba73d5890598e4
Cache Hit!
endProcessing "mod\mcreator\mcreator_dullNebulizedDirt.java"

startProcessing "mod\mcreator\mcreator_dungeonDoorFramework.java" md5: 00d24f82eb586a94e052eef94381b67b
Cache Hit!
endProcessing "mod\mcreator\mcreator_dungeonDoorFramework.java"

startProcessing "mod\mcreator\mcreator_dungeonKeyhole.java" md5: a069d350122f2a23bea8c55333b23d22
Cache Hit!
endProcessing "mod\mcreator\mcreator_dungeonKeyhole.java"

startProcessing "mod\mcreator\mcreator_dungeonKeyholeOnBlockRightclicked.java" md5: 3e6e4273f890639b8dd6d1e2b4b1d438
Cache Hit!
endProcessing "mod\mcreator\mcreator_dungeonKeyholeOnBlockRightclicked.java"

startProcessing "mod\mcreator\mcreator_dungeondoorframe.java" md5: 60aef13a5264c3b42b41de60c4900229
Cache Hit!
endProcessing "mod\mcreator\mcreator_dungeondoorframe.java"

startProcessing "mod\mcreator\mcreator_emberGrass.java" md5: a79fbd58de0278d35fbe46773b3826fb
Cache Hit!
endProcessing "mod\mcreator\mcreator_emberGrass.java"

startProcessing "mod\mcreator\mcreator_emberPlains.java" md5: 2fca7b43c806b0d025a52473fe422583
Cache Hit!
endProcessing "mod\mcreator\mcreator_emberPlains.java"

startProcessing "mod\mcreator\mcreator_emberium.java" md5: cacef9783fd079c5f6c9c98ef3bfafdd
Cache Hit!
endProcessing "mod\mcreator\mcreator_emberium.java"

startProcessing "mod\mcreator\mcreator_emberiumBazooka.java" md5: 741ba7d9b728b8d1b3e57f35874405ba
Cache Hit!
endProcessing "mod\mcreator\mcreator_emberiumBazooka.java"

startProcessing "mod\mcreator\mcreator_emberiumBazookaBulletHitsBlock.java" md5: 489ed7959b2ca27339640a1cff772bfe
Cache Hit!
endProcessing "mod\mcreator\mcreator_emberiumBazookaBulletHitsBlock.java"

startProcessing "mod\mcreator\mcreator_emberiumBazookaWhileBulletFlyingTick.java" md5: b6fe340ec6a0b4ec6c1d150089955382
Cache Hit!
endProcessing "mod\mcreator\mcreator_emberiumBazookaWhileBulletFlyingTick.java"

startProcessing "mod\mcreator\mcreator_emberiumGrenade.java" md5: 1c3919bfca11cfa80df9002c67bee623
Cache Hit!
endProcessing "mod\mcreator\mcreator_emberiumGrenade.java"

startProcessing "mod\mcreator\mcreator_emberiumOre.java" md5: f24f8a580a6e247fea156da011695b5d
Cache Hit!
endProcessing "mod\mcreator\mcreator_emberiumOre.java"

startProcessing "mod\mcreator\mcreator_emberoakDoor.java" md5: 869a3f928162f7dd6659413925e53bee
Cache Hit!
endProcessing "mod\mcreator\mcreator_emberoakDoor.java"

startProcessing "mod\mcreator\mcreator_emberoakLeaves.java" md5: c319c56629e36e3a923e0dede2920f8f
Cache Hit!
endProcessing "mod\mcreator\mcreator_emberoakLeaves.java"

startProcessing "mod\mcreator\mcreator_emberoakLog.java" md5: 7c9963d4a23518fe9c6b1dfa80b2d6b1
Cache Hit!
endProcessing "mod\mcreator\mcreator_emberoakLog.java"

startProcessing "mod\mcreator\mcreator_emberoakPlanks.java" md5: 42428c58a6da27b6a1c3c5f3cf18169e
Cache Hit!
endProcessing "mod\mcreator\mcreator_emberoakPlanks.java"

startProcessing "mod\mcreator\mcreator_emberoakSapling.java" md5: be1bf9a0e6a922fdcc66a4e6a715f179
Cache Hit!
endProcessing "mod\mcreator\mcreator_emberoakSapling.java"

startProcessing "mod\mcreator\mcreator_emberoakSaplingOnBlockRightclicked.java" md5: b6acdddda4a2e246d9a591e08817c4ec
Cache Hit!
endProcessing "mod\mcreator\mcreator_emberoakSaplingOnBlockRightclicked.java"

startProcessing "mod\mcreator\mcreator_emberrock.java" md5: 2789a0c4df0a1fce522975da08f213d7
Cache Hit!
endProcessing "mod\mcreator\mcreator_emberrock.java"

startProcessing "mod\mcreator\mcreator_emberrus.java" md5: bdd421fda1bfc4120266d40b07a043b9
Cache Hit!
endProcessing "mod\mcreator\mcreator_emberrus.java"

startProcessing "mod\mcreator\mcreator_emberrusBandtandwandrm.java" md5: b3fdd1ca2305b4a84c5aeb30e0316a42
Cache Hit!
endProcessing "mod\mcreator\mcreator_emberrusBandtandwandrm.java"

startProcessing "mod\mcreator\mcreator_embersap.java" md5: 0e1cf2bdabb086779ce90c9a9593f835
Cache Hit!
endProcessing "mod\mcreator\mcreator_embersap.java"

startProcessing "mod\mcreator\mcreator_embersapRightClickedOnBlock.java" md5: 349f89adfcc1e9ea2184eb99e309316f
Cache Hit!
endProcessing "mod\mcreator\mcreator_embersapRightClickedOnBlock.java"

startProcessing "mod\mcreator\mcreator_embmaterials.java" md5: fcc63a87b3a754a662d1a34ac350ab19
Cache Hit!
endProcessing "mod\mcreator\mcreator_embmaterials.java"

startProcessing "mod\mcreator\mcreator_emptyJar.java" md5: 817bd6b989fa09aeb6b9f54be8390513
Cache Hit!
endProcessing "mod\mcreator\mcreator_emptyJar.java"

startProcessing "mod\mcreator\mcreator_emptyJarRightClickedOnBlock.java" md5: 3f5445d938f98e0f8a239af8fd9a23f3
Cache Hit!
endProcessing "mod\mcreator\mcreator_emptyJarRightClickedOnBlock.java"

startProcessing "mod\mcreator\mcreator_etherealAltarOnBlockRightclicked.java" md5: da746b51e20ffc97e6ae09933c44d3fb
Cache Hit!
endProcessing "mod\mcreator\mcreator_etherealAltarOnBlockRightclicked.java"

startProcessing "mod\mcreator\mcreator_etherealGrass.java" md5: a4233474fd4a32a678880e8f3efed9d7
Cache Hit!
endProcessing "mod\mcreator\mcreator_etherealGrass.java"

startProcessing "mod\mcreator\mcreator_etherealPlains.java" md5: 8c0fa6985dac92bd805049a181131c2b
Cache Hit!
endProcessing "mod\mcreator\mcreator_etherealPlains.java"

startProcessing "mod\mcreator\mcreator_etherealStone.java" md5: 0a6980dcfab02696f4f1a60b6c5b4ef6
Cache Hit!
endProcessing "mod\mcreator\mcreator_etherealStone.java"

startProcessing "mod\mcreator\mcreator_etherootLeaves.java" md5: b4ff43e7f2b1ff834140ad2030f3442d
Cache Hit!
endProcessing "mod\mcreator\mcreator_etherootLeaves.java"

startProcessing "mod\mcreator\mcreator_etherootLog.java" md5: cd6ead3178f92fed7505c2a2dfda0118
Cache Hit!
endProcessing "mod\mcreator\mcreator_etherootLog.java"

startProcessing "mod\mcreator\mcreator_etherootSapling.java" md5: 21d82cf349514eae5c42cbb5e6b38075
Cache Hit!
endProcessing "mod\mcreator\mcreator_etherootSapling.java"

startProcessing "mod\mcreator\mcreator_etherootSaplingOnBlockRightclicked.java" md5: 604e046d8ce4a0c46753f92565196729
Cache Hit!
endProcessing "mod\mcreator\mcreator_etherootSaplingOnBlockRightclicked.java"

startProcessing "mod\mcreator\mcreator_examplePot.java" md5: 875ec64cd08e6db28bd81cdd951e406b
Cache Hit!
endProcessing "mod\mcreator\mcreator_examplePot.java"

startProcessing "mod\mcreator\mcreator_eye.java" md5: 95ed4d56f5190c350edf684334a5666c
Cache Hit!
endProcessing "mod\mcreator\mcreator_eye.java"

startProcessing "mod\mcreator\mcreator_groundemberium.java" md5: 959c7e0c7956fb8b09eaf107d783eca7
Cache Hit!
endProcessing "mod\mcreator\mcreator_groundemberium.java"

startProcessing "mod\mcreator\mcreator_hardEtherealStone.java" md5: 4ec0594ca59fc9de9178eb645856f79a
Cache Hit!
endProcessing "mod\mcreator\mcreator_hardEtherealStone.java"

startProcessing "mod\mcreator\mcreator_hymelium.java" md5: 1dfdad138022c64145ec7f0324447000
Cache Hit!
endProcessing "mod\mcreator\mcreator_hymelium.java"

startProcessing "mod\mcreator\mcreator_hythaliumCoral.java" md5: 2165966572326254929382afd322d006
Cache Hit!
endProcessing "mod\mcreator\mcreator_hythaliumCoral.java"

startProcessing "mod\mcreator\mcreator_hythaliumDistilledWater.java" md5: b5a56d9ecb24482225f2a507d60db26a
Cache Hit!
endProcessing "mod\mcreator\mcreator_hythaliumDistilledWater.java"

startProcessing "mod\mcreator\mcreator_hythaliumGlaciers.java" md5: a92e232a02e498e5960a20a99666edae
Cache Hit!
endProcessing "mod\mcreator\mcreator_hythaliumGlaciers.java"

startProcessing "mod\mcreator\mcreator_hythaliumGrass.java" md5: 182a03faa7abca600ab20f06d704fd10
Cache Hit!
endProcessing "mod\mcreator\mcreator_hythaliumGrass.java"

startProcessing "mod\mcreator\mcreator_hythaliumOceans.java" md5: 253c7b0aa9e2503ceae49287a022cfe1
Cache Hit!
endProcessing "mod\mcreator\mcreator_hythaliumOceans.java"

startProcessing "mod\mcreator\mcreator_hythaliumplains.java" md5: 31262f0fd00570c2a6d97e58b5ae60a4
Cache Hit!
endProcessing "mod\mcreator\mcreator_hythaliumplains.java"

startProcessing "mod\mcreator\mcreator_hythalumCoralBlock.java" md5: f82f33527abec5cc401b28ee7a35ee99
Cache Hit!
endProcessing "mod\mcreator\mcreator_hythalumCoralBlock.java"

startProcessing "mod\mcreator\mcreator_hythalumTurtle.java" md5: 791756f8b4ed1961121e620ba843cec1
Cache Hit!
endProcessing "mod\mcreator\mcreator_hythalumTurtle.java"

startProcessing "mod\mcreator\mcreator_infesticaPortal.java" md5: 4f34ca15be071e3d42687f3e834c6dc5
Cache Hit!
endProcessing "mod\mcreator\mcreator_infesticaPortal.java"

startProcessing "mod\mcreator\mcreator_infesticaPortalMobplayerColidesBlock.java" md5: d49e2b481c581d2e16396ce0de8d6b6c
Cache Hit!
endProcessing "mod\mcreator\mcreator_infesticaPortalMobplayerColidesBlock.java"

startProcessing "mod\mcreator\mcreator_infesticaRealmstone.java" md5: 0631bf7c420ed58e9cfbf198664186d7
Cache Hit!
endProcessing "mod\mcreator\mcreator_infesticaRealmstone.java"

startProcessing "mod\mcreator\mcreator_infesticaRealmstoneRightClickedOnBlock.java" md5: 5329f7fbe416b5172ce7b067371e1c40
Cache Hit!
endProcessing "mod\mcreator\mcreator_infesticaRealmstoneRightClickedOnBlock.java"

startProcessing "mod\mcreator\mcreator_infoBlock.java" md5: 54438548f1ca2bdffef699d2ee509057
Cache Hit!
endProcessing "mod\mcreator\mcreator_infoBlock.java"

startProcessing "mod\mcreator\mcreator_invertedNebulizedGrass.java" md5: 4733135bbd4b3ed8339fad2b8c4c38d7
Cache Hit!
endProcessing "mod\mcreator\mcreator_invertedNebulizedGrass.java"

startProcessing "mod\mcreator\mcreator_jar.java" md5: a2acc4d78b067a44359829ac682bb92a
Cache Hit!
endProcessing "mod\mcreator\mcreator_jar.java"

startProcessing "mod\mcreator\mcreator_lABYRINTHcHEST.java" md5: b59085a2a4f1562e02d4f804a6d7eb3b
Cache Hit!
endProcessing "mod\mcreator\mcreator_lABYRINTHcHEST.java"

startProcessing "mod\mcreator\mcreator_lChest.java" md5: 5836486850649ce58594c469947b0031
Cache Hit!
endProcessing "mod\mcreator\mcreator_lChest.java"

startProcessing "mod\mcreator\mcreator_lagSphere.java" md5: 13f897c341d633d1b9e46ffae3ba88d8
Cache Hit!
endProcessing "mod\mcreator\mcreator_lagSphere.java"

startProcessing "mod\mcreator\mcreator_lampcase.java" md5: fc92304258926cfffc67c6c07326ecd5
endProcessing "mod\mcreator\mcreator_lampcase.java"

startProcessing "mod\mcreator\mcreator_lampcaseOnBlockRightclicked.java" md5: 89a72e75ba5a8cb116fe45ef5e5510ab
Cache Hit!
endProcessing "mod\mcreator\mcreator_lampcaseOnBlockRightclicked.java"

startProcessing "mod\mcreator\mcreator_lampoff.java" md5: 08e68f1a1c489553069a3f2657d2f8e4
endProcessing "mod\mcreator\mcreator_lampoff.java"

startProcessing "mod\mcreator\mcreator_lampoffOnBlockRightclicked.java" md5: 81345b691a03c8fa6c89ea4d1d91e61b
Cache Hit!
endProcessing "mod\mcreator\mcreator_lampoffOnBlockRightclicked.java"

startProcessing "mod\mcreator\mcreator_lampon.java" md5: 42120f4081f1bb887867a670e4c6ab6c
Cache Hit!
endProcessing "mod\mcreator\mcreator_lampon.java"

startProcessing "mod\mcreator\mcreator_leptospyradia.java" md5: 6fda5ad2e9cd2b40610b17245bb61ec7
Cache Hit!
endProcessing "mod\mcreator\mcreator_leptospyradia.java"

startProcessing "mod\mcreator\mcreator_leptospyradiaa.java" md5: 544cdf8903c30d29c95e9f00f52389a9
Cache Hit!
endProcessing "mod\mcreator\mcreator_leptospyradiaa.java"

startProcessing "mod\mcreator\mcreator_lichenium.java" md5: b1aa501295f8c36c8a31f7ad8c54f555
Cache Hit!
endProcessing "mod\mcreator\mcreator_lichenium.java"

startProcessing "mod\mcreator\mcreator_lorebookBlock.java" md5: 6ea9bdd8ebf78d36f14ab60819976d5a
Cache Hit!
endProcessing "mod\mcreator\mcreator_lorebookBlock.java"

startProcessing "mod\mcreator\mcreator_lorepagec4.java" md5: 7a97971042d0cb8fcca5bbbc0e19a162
Cache Hit!
endProcessing "mod\mcreator\mcreator_lorepagec4.java"

startProcessing "mod\mcreator\mcreator_lumeniaso.java" md5: 7a380fb70f0f39462a12219b66ce13f7
Cache Hit!
endProcessing "mod\mcreator\mcreator_lumeniaso.java"

startProcessing "mod\mcreator\mcreator_lumeniasoPortalTriggerUsed.java" md5: 3b003480972c9d6e4cf33717aec41931
Cache Hit!
endProcessing "mod\mcreator\mcreator_lumeniasoPortalTriggerUsed.java"

startProcessing "mod\mcreator\mcreator_moltenNEbulatedIce.java" md5: 4c21231020bd4ef479dbd192cd3e1f83
Cache Hit!
endProcessing "mod\mcreator\mcreator_moltenNEbulatedIce.java"

startProcessing "mod\mcreator\mcreator_moltennIceDispensers.java" md5: ce17a3002d0db7278b516b2ff6d61dca
Cache Hit!
endProcessing "mod\mcreator\mcreator_moltennIceDispensers.java"

startProcessing "mod\mcreator\mcreator_moltennIceDispensersOnBlockRightclicked.java" md5: 1d4dce18d1854ef5ae766368b91723d1
Cache Hit!
endProcessing "mod\mcreator\mcreator_moltennIceDispensersOnBlockRightclicked.java"

startProcessing "mod\mcreator\mcreator_motenNebulatedIce.java" md5: c3fa8d86d7424ac093458ef148ac06e3
Cache Hit!
endProcessing "mod\mcreator\mcreator_motenNebulatedIce.java"

startProcessing "mod\mcreator\mcreator_mysteriousEgg.java" md5: ae41b8dec24186c1e485723d4d4d6711
Cache Hit!
endProcessing "mod\mcreator\mcreator_mysteriousEgg.java"

startProcessing "mod\mcreator\mcreator_nEbuliteMeteor.java" md5: ad4b0640915606d6f02a7d4356a22e1b
Cache Hit!
endProcessing "mod\mcreator\mcreator_nEbuliteMeteor.java"

startProcessing "mod\mcreator\mcreator_nEbuliteMeteorouter.java" md5: 4fcf527561aec3642546c3f02e8dee0b
Cache Hit!
endProcessing "mod\mcreator\mcreator_nEbuliteMeteorouter.java"

startProcessing "mod\mcreator\mcreator_nebuForest.java" md5: 1f6e9ffb53d62486b5c70360da26c25d
Cache Hit!
endProcessing "mod\mcreator\mcreator_nebuForest.java"

startProcessing "mod\mcreator\mcreator_nebulatedice.java" md5: 21392adca0c6698f68deddca502f2690
Cache Hit!
endProcessing "mod\mcreator\mcreator_nebulatedice.java"

startProcessing "mod\mcreator\mcreator_nebuliteMeteorinner.java" md5: 7a92f3f8c6d120a0ab7ecb4bfdcadc94
Cache Hit!
endProcessing "mod\mcreator\mcreator_nebuliteMeteorinner.java"

startProcessing "mod\mcreator\mcreator_nebulized.java" md5: 7bd1dbf6511c99806848860fdc6dca0d
Cache Hit!
endProcessing "mod\mcreator\mcreator_nebulized.java"

startProcessing "mod\mcreator\mcreator_nebulizedFruit.java" md5: 263040b11b57430e5f195caedf4f82c3
Cache Hit!
endProcessing "mod\mcreator\mcreator_nebulizedFruit.java"

startProcessing "mod\mcreator\mcreator_nebulizedGas.java" md5: a22155c6d72e4efee19e17acca0edc4a
Cache Hit!
endProcessing "mod\mcreator\mcreator_nebulizedGas.java"

startProcessing "mod\mcreator\mcreator_nebulizedGlass.java" md5: 14bf882322be27ff5596d3556a09338c
Cache Hit!
endProcessing "mod\mcreator\mcreator_nebulizedGlass.java"

startProcessing "mod\mcreator\mcreator_nebulizeddirt.java" md5: e0c273408a13524946fa9e4b9c15e0bf
Cache Hit!
endProcessing "mod\mcreator\mcreator_nebulizeddirt.java"

startProcessing "mod\mcreator\mcreator_nebulizedgrass.java" md5: be7c4082cb233b0c940f401b22fb3b09
Cache Hit!
endProcessing "mod\mcreator\mcreator_nebulizedgrass.java"

startProcessing "mod\mcreator\mcreator_nebulizedgrassOnBlockRightclicked.java" md5: 9b7c02d744a483bb87f012a4527895d3
Cache Hit!
endProcessing "mod\mcreator\mcreator_nebulizedgrassOnBlockRightclicked.java"

startProcessing "mod\mcreator\mcreator_nebulizedstone.java" md5: 5e4393a16f0b6683098a9f9c3d10adc6
Cache Hit!
endProcessing "mod\mcreator\mcreator_nebulizedstone.java"

startProcessing "mod\mcreator\mcreator_nebulizer.java" md5: 27f086f80e1affb1e60f76232b88a9ed
Cache Hit!
endProcessing "mod\mcreator\mcreator_nebulizer.java"

startProcessing "mod\mcreator\mcreator_nebulizerBulletHitsBlock.java" md5: 9f749820ae39da86dfe7e3fae7e2b9e2
Cache Hit!
endProcessing "mod\mcreator\mcreator_nebulizerBulletHitsBlock.java"

startProcessing "mod\mcreator\mcreator_nebulizingSolution.java" md5: d55df9cce4759602be7e3179ce3d51ce
Cache Hit!
endProcessing "mod\mcreator\mcreator_nebulizingSolution.java"

startProcessing "mod\mcreator\mcreator_nebulizingSolutionRightClickedOnBlock.java" md5: 9252a9f7be34d7e404095064bd6717c6
Cache Hit!
endProcessing "mod\mcreator\mcreator_nebulizingSolutionRightClickedOnBlock.java"

startProcessing "mod\mcreator\mcreator_nebulus.java" md5: 050e58a0724c10d0bb63c98336c55835
Cache Hit!
endProcessing "mod\mcreator\mcreator_nebulus.java"

startProcessing "mod\mcreator\mcreator_nebulusBlocks.java" md5: d0f5d25957594e99cd83942e782f31fa
Cache Hit!
endProcessing "mod\mcreator\mcreator_nebulusBlocks.java"

startProcessing "mod\mcreator\mcreator_nebulusLorebook.java" md5: db28839e1f47119abb9af7b3818f97d3
Cache Hit!
endProcessing "mod\mcreator\mcreator_nebulusLorebook.java"

startProcessing "mod\mcreator\mcreator_nebulusLorebookRightClickedOnBlock.java" md5: 0421fa241a991321c3314e4b61275795
Cache Hit!
endProcessing "mod\mcreator\mcreator_nebulusLorebookRightClickedOnBlock.java"

startProcessing "mod\mcreator\mcreator_nebulusMaterials.java" md5: 70b0dcb6c5f3a51e6130d80e4e7dfddf
Cache Hit!
endProcessing "mod\mcreator\mcreator_nebulusMaterials.java"

startProcessing "mod\mcreator\mcreator_nebulusUblocks.java" md5: 3ca8d09bdf1d92008372323347045a84
Cache Hit!
endProcessing "mod\mcreator\mcreator_nebulusUblocks.java"

startProcessing "mod\mcreator\mcreator_nebulusc4.java" md5: 3fa7c86a54f108f8479f532bf7d34af8
Cache Hit!
endProcessing "mod\mcreator\mcreator_nebulusc4.java"

startProcessing "mod\mcreator\mcreator_nebulusdbandi.java" md5: 13b654564873159c5b1f35ccf0fa6a90
Cache Hit!
endProcessing "mod\mcreator\mcreator_nebulusdbandi.java"

startProcessing "mod\mcreator\mcreator_nebulusdec.java" md5: aa979f5029fee5c282d0e6c90df99c01
Cache Hit!
endProcessing "mod\mcreator\mcreator_nebulusdec.java"

startProcessing "mod\mcreator\mcreator_nebulustandw.java" md5: df93687f341ec1ca6acc86059db02f65
Cache Hit!
endProcessing "mod\mcreator\mcreator_nebulustandw.java"

startProcessing "mod\mcreator\mcreator_nebuwillowDoor.java" md5: 661dafc2fdda58871afebb417f2483dc
Cache Hit!
endProcessing "mod\mcreator\mcreator_nebuwillowDoor.java"

startProcessing "mod\mcreator\mcreator_nebuwillowDoorItem.java" md5: 02f663bf46dfb0c7727227c557d2fabe
Cache Hit!
endProcessing "mod\mcreator\mcreator_nebuwillowDoorItem.java"

startProcessing "mod\mcreator\mcreator_nebuwillowDoorItemRightClickedOnBlock.java" md5: 0ef63f8f2a6d92d1a4afbed68bbdedfe
Cache Hit!
endProcessing "mod\mcreator\mcreator_nebuwillowDoorItemRightClickedOnBlock.java"

startProcessing "mod\mcreator\mcreator_nebuwillowLeaves.java" md5: 95821ecaffa0be2c5759b68c0ee3449c
Cache Hit!
endProcessing "mod\mcreator\mcreator_nebuwillowLeaves.java"

startProcessing "mod\mcreator\mcreator_nebuwillowLog.java" md5: f97477d0c7a7a74b9291ec7f98f468bb
Cache Hit!
endProcessing "mod\mcreator\mcreator_nebuwillowLog.java"

startProcessing "mod\mcreator\mcreator_nebuwillowSapling.java" md5: 0a6d205955576b862223b08e3ba1ede4
Cache Hit!
endProcessing "mod\mcreator\mcreator_nebuwillowSapling.java"

startProcessing "mod\mcreator\mcreator_nebuwillowSaplingOnBlockRightclicked.java" md5: 42dd912cfb55688405cacbc91c5aecfc
Cache Hit!
endProcessing "mod\mcreator\mcreator_nebuwillowSaplingOnBlockRightclicked.java"

startProcessing "mod\mcreator\mcreator_peeringEyeFilament.java" md5: 781f92310a9cddddb16ca7825b85c562
Cache Hit!
endProcessing "mod\mcreator\mcreator_peeringEyeFilament.java"

startProcessing "mod\mcreator\mcreator_prodline.java" md5: d65ef253539b1c513604cce508d457e9
Cache Hit!
endProcessing "mod\mcreator\mcreator_prodline.java"

startProcessing "mod\mcreator\mcreator_prodlineOnBlockRightclicked.java" md5: ec8a26beaea01e8eecf2a20fe6a34892
Cache Hit!
endProcessing "mod\mcreator\mcreator_prodlineOnBlockRightclicked.java"

startProcessing "mod\mcreator\mcreator_productionline.java" md5: 43097b71796b7d7819607e6118bbbedd
Cache Hit!
endProcessing "mod\mcreator\mcreator_productionline.java"

startProcessing "mod\mcreator\mcreator_refinedVsand.java" md5: debe2aef7d1dc27d45ec31f03f6c6be3
Cache Hit!
endProcessing "mod\mcreator\mcreator_refinedVsand.java"

startProcessing "mod\mcreator\mcreator_reverseEmberizerandNEbulizer.java" md5: 52f13c31943d902015d7c4af3a6343e2
Cache Hit!
endProcessing "mod\mcreator\mcreator_reverseEmberizerandNEbulizer.java"

startProcessing "mod\mcreator\mcreator_reverseEmberizerandNEbulizerRightClickedOnBlock.java" md5: 7f45ecb2fef28ab3db2390cd2bc0f070
Cache Hit!
endProcessing "mod\mcreator\mcreator_reverseEmberizerandNEbulizerRightClickedOnBlock.java"

startProcessing "mod\mcreator\mcreator_shrinePlan.java" md5: c4cce5a0f94c9c340246dc4b5bc46109
Cache Hit!
endProcessing "mod\mcreator\mcreator_shrinePlan.java"

startProcessing "mod\mcreator\mcreator_solidifiedSolurton.java" md5: c4cc23f69e04461b877d2c9c5e649f66
Cache Hit!
endProcessing "mod\mcreator\mcreator_solidifiedSolurton.java"

startProcessing "mod\mcreator\mcreator_solidifiedSolurtonRightClickedOnBlock.java" md5: 22470aa1354eeb54177b3ee81cfb3c93
Cache Hit!
endProcessing "mod\mcreator\mcreator_solidifiedSolurtonRightClickedOnBlock.java"

startProcessing "mod\mcreator\mcreator_solrootCraftingTable.java" md5: ffea1e573c2a5d2fe056b50aab5b8dfc
Cache Hit!
endProcessing "mod\mcreator\mcreator_solrootCraftingTable.java"

startProcessing "mod\mcreator\mcreator_solrootDoor.java" md5: e36b7bcde5f9712b2f4c3a8f10509fc6
Cache Hit!
endProcessing "mod\mcreator\mcreator_solrootDoor.java"

startProcessing "mod\mcreator\mcreator_solrootLeaves.java" md5: f86c08232272ba1bc37d74abcdb76b97
Cache Hit!
endProcessing "mod\mcreator\mcreator_solrootLeaves.java"

startProcessing "mod\mcreator\mcreator_solrootLog.java" md5: 7b7939bb6f67235a143ee03988db102b
Cache Hit!
endProcessing "mod\mcreator\mcreator_solrootLog.java"

startProcessing "mod\mcreator\mcreator_solrootPlanks.java" md5: e05707ac467a1b114581269ca0351ef6
Cache Hit!
endProcessing "mod\mcreator\mcreator_solrootPlanks.java"

startProcessing "mod\mcreator\mcreator_solurton.java" md5: 8555f568d4cca6d4177d49ea9c0e278b
Cache Hit!
endProcessing "mod\mcreator\mcreator_solurton.java"

startProcessing "mod\mcreator\mcreator_spicyPie.java" md5: 3a772a079f16afb00aa6d72b48a7f181
Cache Hit!
endProcessing "mod\mcreator\mcreator_spicyPie.java"

startProcessing "mod\mcreator\mcreator_spicyPieR.java" md5: b4ff80fc600572335ba34727c3d8f45c
Cache Hit!
endProcessing "mod\mcreator\mcreator_spicyPieR.java"

startProcessing "mod\mcreator\mcreator_squirralien.java" md5: dceecb65829c2ffbb4701aac828dafd9
Cache Hit!
endProcessing "mod\mcreator\mcreator_squirralien.java"

startProcessing "mod\mcreator\mcreator_squirralienSword.java" md5: 638c933980186a801e64c51e7e40a56c
Cache Hit!
endProcessing "mod\mcreator\mcreator_squirralienSword.java"

startProcessing "mod\mcreator\mcreator_squirralienTongue.java" md5: f94f15f82a69d67dca6f9084d434fa8d
Cache Hit!
endProcessing "mod\mcreator\mcreator_squirralienTongue.java"

startProcessing "mod\mcreator\mcreator_squirraliumBricks.java" md5: 9047a41529231e3970c4c80a02dce6f6
Cache Hit!
endProcessing "mod\mcreator\mcreator_squirraliumBricks.java"

startProcessing "mod\mcreator\mcreator_table.java" md5: 31d12bc3ce09f858def79ea956ad4c83
Cache Hit!
endProcessing "mod\mcreator\mcreator_table.java"

startProcessing "mod\mcreator\mcreator_tallEtherealGRass.java" md5: 45403ef19a4f04b8c93c5900a12aeb20
Cache Hit!
endProcessing "mod\mcreator\mcreator_tallEtherealGRass.java"

startProcessing "mod\mcreator\mcreator_test2.java" md5: 34e5bb513518a68556d68a0a01ae273c
Cache Hit!
endProcessing "mod\mcreator\mcreator_test2.java"

startProcessing "mod\mcreator\mcreator_test3.java" md5: d468f98895335778582b474627d2682c
Cache Hit!
endProcessing "mod\mcreator\mcreator_test3.java"

startProcessing "mod\mcreator\mcreator_tracker.java" md5: 8b89d640654ee462d4599dd7295a19a7
Cache Hit!
endProcessing "mod\mcreator\mcreator_tracker.java"

startProcessing "mod\mcreator\mcreator_tuberculos.java" md5: 03083a8185e074fb8e28b236e3fcd310
Cache Hit!
endProcessing "mod\mcreator\mcreator_tuberculos.java"

startProcessing "mod\mcreator\mcreator_tuberculosia.java" md5: c7b913b5c5a979b0f2c607fa8577d45b
Cache Hit!
endProcessing "mod\mcreator\mcreator_tuberculosia.java"

startProcessing "mod\mcreator\mcreator_tuberculosiaPlains.java" md5: 67bd293558572a665783e9b71edd75b1
Cache Hit!
endProcessing "mod\mcreator\mcreator_tuberculosiaPlains.java"

startProcessing "mod\mcreator\mcreator_tuberculosiabandi.java" md5: f568dfade298f3c712ef9269d078fc28
Cache Hit!
endProcessing "mod\mcreator\mcreator_tuberculosiabandi.java"

startProcessing "mod\mcreator\mcreator_vALTAR.java" md5: e66d66599b01c88afef709b240b66ff8
Cache Hit!
endProcessing "mod\mcreator\mcreator_vALTAR.java"

startProcessing "mod\mcreator\mcreator_volcanicDeserts.java" md5: 6c48dfd50e4fb0821bc4b08ebd9ed5ba
Cache Hit!
endProcessing "mod\mcreator\mcreator_volcanicDeserts.java"

startProcessing "mod\mcreator\mcreator_volcanicDust.java" md5: 8e2bbac763df4dcd5932655b8593f024
Cache Hit!
endProcessing "mod\mcreator\mcreator_volcanicDust.java"

startProcessing "mod\mcreator\mcreator_volcanicIdolBlock.java" md5: 296166bd84c0b5d638be0cc10251a98d
Cache Hit!
endProcessing "mod\mcreator\mcreator_volcanicIdolBlock.java"

startProcessing "mod\mcreator\mcreator_volcanicIdolItem.java" md5: 3a73c8190ad737e4ffe0208af00f3bdf
Cache Hit!
endProcessing "mod\mcreator\mcreator_volcanicIdolItem.java"

startProcessing "mod\mcreator\mcreator_volcanicOre.java" md5: da23c19a9f5b5de827764a72994433db
Cache Hit!
endProcessing "mod\mcreator\mcreator_volcanicOre.java"

startProcessing "mod\mcreator\mcreator_volcanicSand.java" md5: 6211411503ed1c4eab024b0c53c930bd
Cache Hit!
endProcessing "mod\mcreator\mcreator_volcanicSand.java"

startProcessing "mod\mcreator\mcreator_volcanicbricks.java" md5: 365e7d3f884b296fcc1fd15ef7e0f076
Cache Hit!
endProcessing "mod\mcreator\mcreator_volcanicbricks.java"

startProcessing "mod\mcreator\mcreator_volcanicnebbricksslab.java" md5: 6b63319c13fa99af78a0385f1127c2ed
Cache Hit!
endProcessing "mod\mcreator\mcreator_volcanicnebbricksslab.java"

startProcessing "mod\mcreator\mcreator_waterGolem.java" md5: 16fdf18426c24ca205aebba007fb2b72
Cache Hit!
endProcessing "mod\mcreator\mcreator_waterGolem.java"

startProcessing "mod\mcreator\mcreator_weakEmberiumDrill.java" md5: 5bcc03fc0cd1727f4e0e5a81ed6ce1e3
Cache Hit!
endProcessing "mod\mcreator\mcreator_weakEmberiumDrill.java"

startProcessing "mod\mcreator\mcreator_welcome.java" md5: 2524776fb5c4682f425906de760cf598
Cache Hit!
endProcessing "mod\mcreator\mcreator_welcome.java"

startProcessing "mod\mcreator\mcreator_wothy.java" md5: ab9cd831b55a5c78019c58eaaec6a8bd
Cache Hit!
endProcessing "mod\mcreator\mcreator_wothy.java"

startProcessing "mod\mcreator\nebulus.java" md5: dbea9de114fc1933803307bd58758e10
Cache Hit!
endProcessing "mod\mcreator\nebulus.java"

